<component-set>
  <components>
    <component>
      <role>org.apache.maven.plugins.shade.Shader</role>
      <role-hint>mock</role-hint>
      <implementation>org.apache.maven.plugins.shade.MockShader</implementation>
      <description></description>
      <isolated-realm>false</isolated-realm>
    </component>
  </components>
</component-set>
